<?xml version="1.0" encoding="UTF-8"?>
<!-- Generated by org.testng.reporters.JUnitXMLReporter -->
<testsuite ignored="0" hostname="DESKTOP-9K4J01N" failures="0" tests="6" name="Test" time="46.493" errors="0" timestamp="2022-10-11T13:08:54 IST">
  <testcase classname="testClasses.VerifyUserCanLogin" name="VerifyUserCanLogIn" time="3.524"/>
  <testcase classname="testClasses.VerifyUserCanGetLowestPriceProduct" name="VerifyUserCanSearchProduct" time="1.992"/>
  <testcase classname="testClasses.VerifyUserCanGetLowestPriceProduct" name="VerifyUserCanGetLowestPriceProductFromEachPage" time="5.156"/>
  <testcase classname="testClasses.VerifyUserCanAddNewAddress" name="verifyUserCanOpenProfilePage" time="10.661"/>
  <testcase classname="testClasses.VerifyUserCanAddNewAddress" name="addNewAddress" time="0.937"/>
  <testcase classname="testClasses.VerifyUserCanAddNewAddress" name="addNewAddress" time="0.959"/>
</testsuite> <!-- Test -->
